g:\flapplane\flapplane\debug\vc142.pdb
g:\flapplane\flapplane\debug\vc142.idb
g:\flapplane\flapplane\debug\textobject.obj
g:\flapplane\flapplane\debug\playerobject.obj
g:\flapplane\flapplane\debug\main.obj
g:\flapplane\flapplane\debug\imptimer.obj
g:\flapplane\flapplane\debug\geometric.obj
g:\flapplane\flapplane\debug\commonfunc.obj
g:\flapplane\flapplane\debug\blockobject.obj
g:\flapplane\flapplane\debug\baseobject.obj
g:\flapplane\flapplane\debug\flapplane.ilk
g:\flapplane\flapplane\debug\flapplane.exe
g:\flapplane\flapplane\debug\flapplane.map
g:\flapplane\flapplane\debug\flapplane.pdb
g:\flapplane\flapplane\debug\flapplane.tlog\cl.command.1.tlog
g:\flapplane\flapplane\debug\flapplane.tlog\cl.read.1.tlog
g:\flapplane\flapplane\debug\flapplane.tlog\cl.write.1.tlog
g:\flapplane\flapplane\debug\flapplane.tlog\link.command.1.tlog
g:\flapplane\flapplane\debug\flapplane.tlog\link.read.1.tlog
g:\flapplane\flapplane\debug\flapplane.tlog\link.write.1.tlog
